#
# A fatal error has been detected by the Java Runtime Environment:
#
#  SIGSEGV (0xb) at pc=0x00007f8ab318f876, pid=4303, tid=4304
#
# JRE version: OpenJDK Runtime Environment 18.9 (11.0.11+9) (build 11.0.11+9)
# Java VM: OpenJDK 64-Bit Server VM 18.9 (11.0.11+9, mixed mode, tiered, compressed oops, g1 gc, linux-amd64)
# Problematic frame:
# C  [libc.so.6+0x46876]
#
# Core dump will be written. Default location: Core dumps may be processed with "/usr/share/apport/apport -p%p -s%s -c%c -d%d -P%P -u%u -g%g -- %E" (or dumping to /home/tiagolascasas/Desktop/VitisProjects/core.4303)
#
# If you would like to submit a bug report, please visit:
#   https://bugreport.java.com/bugreport/crash.jsp
# The crash happened outside the Java Virtual Machine in native code.
# See problematic frame for where to report the bug.
#

---------------  S U M M A R Y ------------

Command Line: -Xms64m -Xmx1024m -Dorg.eclipse.swt.internal.gtk.cairoGraphics=false -Dosgi.configuration.area=@user.home/.Xilinx/Vitis/2022.2 --add-modules=ALL-SYSTEM --add-opens=java.base/java.nio=ALL-UNNAMED --add-opens=java.desktop/sun.swing=ALL-UNNAMED --add-opens=java.desktop/javax.swing=ALL-UNNAMED --add-opens=java.desktop/javax.swing.tree=ALL-UNNAMED --add-opens=java.desktop/javax.swing.plaf.basic=ALL-UNNAMED --add-opens=java.desktop/javax.swing.plaf.synth=ALL-UNNAMED --add-opens=java.desktop/com.sun.awt=ALL-UNNAMED --add-opens=java.desktop/sun.awt.X11=ALL-UNNAMED /tools/Xilinx/Vitis/2022.2/eclipse/lnx64.o//plugins/org.eclipse.equinox.launcher_1.5.700.v20200207-2156.jar -os linux -ws gtk -arch x86_64 -showsplash -launcher /tools/Xilinx/Vitis/2022.2/eclipse/lnx64.o/eclipse -name Eclipse --launcher.library /tools/Xilinx/Vitis/2022.2/eclipse/lnx64.o//plugins/org.eclipse.equinox.launcher.gtk.linux.x86_64_1.1.1100.v20190907-0426/eclipse_1801.so -startup /tools/Xilinx/Vitis/2022.2/eclipse/lnx64.o//plugins/org.eclipse.equinox.launcher_1.5.700.v20200207-2156.jar --launcher.overrideVmargs -exitdata 20 -vm /tools/Xilinx/Vitis/2022.2/tps/lnx64/jre11.0.11_9/bin/java -vmargs -Xms64m -Xmx1024m -Dorg.eclipse.swt.internal.gtk.cairoGraphics=false -Dosgi.configuration.area=@user.home/.Xilinx/Vitis/2022.2 --add-modules=ALL-SYSTEM --add-opens=java.base/java.nio=ALL-UNNAMED --add-opens=java.desktop/sun.swing=ALL-UNNAMED --add-opens=java.desktop/javax.swing=ALL-UNNAMED --add-opens=java.desktop/javax.swing.tree=ALL-UNNAMED --add-opens=java.desktop/javax.swing.plaf.basic=ALL-UNNAMED --add-opens=java.desktop/javax.swing.plaf.synth=ALL-UNNAMED --add-opens=java.desktop/com.sun.awt=ALL-UNNAMED --add-opens=java.desktop/sun.awt.X11=ALL-UNNAMED -jar /tools/Xilinx/Vitis/2022.2/eclipse/lnx64.o//plugins/org.eclipse.equinox.launcher_1.5.700.v20200207-2156.jar

Host: 