Thu Jan 26 00:09:45 2023: Server was asked to start on port: '43919'
Thu Jan 26 00:09:45 2023: Server is using token UUID: '643ba947-aa17-4c04-8c31-03bfdf27f431'
Thu Jan 26 00:09:45 2023: Attempting to start server on port '43919'
Thu Jan 26 00:09:45 2023: XRC main fifo: created main fifo '/tmp/xrcmain643ba947-aa17-4c04-8c31-03bfdf27f431', fd read = 11
Thu Jan 26 00:09:45 2023: Running Rule Check Server
Thu Jan 26 00:09:45 2023: Version 1.6.1
Thu Jan 26 00:09:45 2023: Rule Check Server: Accepted socket connection from client
Thu Jan 26 00:09:45 2023: EXCHANGE_TOKEN received, server token: 643ba947-aa17-4c04-8c31-03bfdf27f431, passed token: 643ba947-aa17-4c04-8c31-03bfdf27f431
Thu Jan 26 00:10:15 2023: SESSION_MGR: creating session with session uuid: '5c551075-c937-4e51-9fcc-77e64376e1c3' and name 'Hardware'
Thu Jan 26 00:10:18 2023: SESSION_MGR: closing session for UUID '5c551075-c937-4e51-9fcc-77e64376e1c3' with name 'Hardware'
Thu Jan 26 00:10:18 2023: SESSION_MGR: creating session with session uuid: '01303469-f882-414a-8ecf-1702b2d39d5f' and name 'Hardware'
Thu Jan 26 00:10:18 2023: SESSION_MGR: closing session for UUID '01303469-f882-414a-8ecf-1702b2d39d5f' with name 'Hardware'
Thu Jan 26 00:10:18 2023: SESSION_MGR: creating session with session uuid: '27381280-c3cc-4354-85b4-2478559c312c' and name 'Hardware'
Thu Jan 26 00:11:13 2023: SESSION_MGR: closing session for UUID '27381280-c3cc-4354-85b4-2478559c312c' with name 'Hardware'
Thu Jan 26 00:13:46 2023: SESSION_MGR: creating session with session uuid: '6a764673-64d5-4ad5-bd13-e0049108f950' and name 'Hardware'
Thu Jan 26 00:13:47 2023: SESSION_MGR: closing session for UUID '6a764673-64d5-4ad5-bd13-e0049108f950' with name 'Hardware'
Thu Jan 26 00:13:51 2023: SESSION_MGR: creating session with session uuid: '10f9e50d-ce8e-4082-b0a8-1d9a37b3058b' and name 'Hardware'
Thu Jan 26 00:13:51 2023: SESSION_MGR: closing session for UUID '10f9e50d-ce8e-4082-b0a8-1d9a37b3058b' with name 'Hardware'
Thu Jan 26 00:13:52 2023: SESSION_MGR: creating session with session uuid: '51961b83-0780-4b91-ac6c-009de372e9ae' and name 'Hardware'
Thu Jan 26 00:13:52 2023: SESSION_MGR: closing session for UUID '51961b83-0780-4b91-ac6c-009de372e9ae' with name 'Hardware'
Thu Jan 26 00:13:52 2023: SESSION_MGR: creating session with session uuid: 'a8dda9c3-5d44-4152-9829-bbc4c32ffec6' and name 'Hardware'
Thu Jan 26 00:17:38 2023: SESSION_MGR: closing session for UUID 'a8dda9c3-5d44-4152-9829-bbc4c32ffec6' with name 'Hardware'
Thu Jan 26 00:21:12 2023: SESSION_MGR: creating session with session uuid: 'e95574fc-0a87-4675-9610-bfaefdf47978' and name 'Hardware'
Thu Jan 26 00:21:12 2023: SESSION_MGR: closing session for UUID 'e95574fc-0a87-4675-9610-bfaefdf47978' with name 'Hardware'
Thu Jan 26 00:21:16 2023: SESSION_MGR: creating session with session uuid: 'f6f29305-7deb-425f-ae8d-1cda0e010a9b' and name 'Hardware'
Thu Jan 26 00:21:16 2023: SESSION_MGR: closing session for UUID 'f6f29305-7deb-425f-ae8d-1cda0e010a9b' with name 'Hardware'
Thu Jan 26 00:21:19 2023: SESSION_MGR: creating session with session uuid: 'ba12f2e7-ef77-4a3a-96ce-1b488663f81a' and name 'Hardware'
Thu Jan 26 00:21:19 2023: SESSION_MGR: closing session for UUID 'ba12f2e7-ef77-4a3a-96ce-1b488663f81a' with name 'Hardware'
Thu Jan 26 00:21:24 2023: SESSION_MGR: creating session with session uuid: '872665b4-587a-4523-8030-b471be60497f' and name 'Hardware'
Thu Jan 26 00:21:25 2023: SESSION_MGR: closing session for UUID '872665b4-587a-4523-8030-b471be60497f' with name 'Hardware'
Thu Jan 26 00:21:26 2023: SESSION_MGR: creating session with session uuid: '72b6c463-18ae-4477-b765-80cb579b275e' and name 'Hardware'
Thu Jan 26 00:22:17 2023: SESSION_MGR: closing session for UUID '72b6c463-18ae-4477-b765-80cb579b275e' with name 'Hardware'
Thu Jan 26 00:23:29 2023: SESSION_MGR: creating session with session uuid: '0358843e-0b69-41b8-90cc-ab2d26609180' and name 'Hardware'
Thu Jan 26 00:23:31 2023: SESSION_MGR: closing session for UUID '0358843e-0b69-41b8-90cc-ab2d26609180' with name 'Hardware'
Thu Jan 26 00:23:31 2023: SESSION_MGR: creating session with session uuid: '9ca3fb46-c304-4972-a406-316e463cb668' and name 'Hardware'
Thu Jan 26 00:24:36 2023: SESSION_MGR: closing session for UUID '9ca3fb46-c304-4972-a406-316e463cb668' with name 'Hardware'
Thu Jan 26 00:24:36 2023: SESSION_MGR: creating session with session uuid: '54535899-103f-4de1-a330-c2a42b16d12e' and name 'Hardware'
Thu Jan 26 01:51:30 2023: SESSION_MGR: closing session for UUID '54535899-103f-4de1-a330-c2a42b16d12e' with name 'Hardware'
Thu Jan 26 02:17:51 2023: SESSION_MGR: creating session with session uuid: '6dadc7cb-84ed-4f89-b6d6-20308de60fe3' and name 'SystemDebugger_alveo_edge_detect_generic_V0_system_55_alveo_edge_detect_generic_V0'
Thu Jan 26 02:17:52 2023: SESSION_MGR: closing session for UUID '6dadc7cb-84ed-4f89-b6d6-20308de60fe3' with name 'SystemDebugger_alveo_edge_detect_generic_V0_system_55_alveo_edge_detect_generic_V0'
Thu Jan 26 02:18:17 2023: SESSION_MGR: creating session with session uuid: '7c93f6f9-29a4-4a67-839c-4f68767fe934' and name 'SystemDebugger_alveo_edge_detect_generic_V0_system_56_alveo_edge_detect_generic_V0'
Thu Jan 26 02:18:17 2023: SESSION_MGR: closing session for UUID '7c93f6f9-29a4-4a67-839c-4f68767fe934' with name 'SystemDebugger_alveo_edge_detect_generic_V0_system_56_alveo_edge_detect_generic_V0'
Thu Jan 26 02:19:20 2023: SESSION_MGR: creating session with session uuid: '2409911a-d1cb-4004-8ca0-92232e9820ae' and name 'SystemDebugger_alveo_edge_detect_generic_V0_system_alveo_edge_detect_generic_V0'
Thu Jan 26 02:19:21 2023: SESSION_MGR: closing session for UUID '2409911a-d1cb-4004-8ca0-92232e9820ae' with name 'SystemDebugger_alveo_edge_detect_generic_V0_system_alveo_edge_detect_generic_V0'
Thu Jan 26 02:19:33 2023: SESSION_MGR: creating session with session uuid: '6062f81e-2c4d-44e6-99fb-16a5d87e2d5c' and name 'Hardware'
Thu Jan 26 02:19:33 2023: SESSION_MGR: closing session for UUID '6062f81e-2c4d-44e6-99fb-16a5d87e2d5c' with name 'Hardware'
Thu Jan 26 02:19:33 2023: SESSION_MGR: creating session with session uuid: 'adad10e3-2fe7-4375-bdc9-e3efdb61b6fc' and name 'Hardware'
Thu Jan 26 02:19:34 2023: SESSION_MGR: closing session for UUID 'adad10e3-2fe7-4375-bdc9-e3efdb61b6fc' with name 'Hardware'
Thu Jan 26 02:19:34 2023: SESSION_MGR: creating session with session uuid: '7932e827-1535-40c3-b694-21fa3dba6ffe' and name 'Hardware'
Thu Jan 26 02:19:34 2023: SESSION_MGR: closing session for UUID '7932e827-1535-40c3-b694-21fa3dba6ffe' with name 'Hardware'
Thu Jan 26 02:20:32 2023: SESSION_MGR: creating session with session uuid: '5859914d-095d-47bc-a12e-346117fb930f' and name 'SystemDebugger_alveo_edge_detect_generic_V0_system_2_alveo_edge_detect_generic_V0'
Thu Jan 26 02:20:32 2023: SESSION_MGR: closing session for UUID '5859914d-095d-47bc-a12e-346117fb930f' with name 'SystemDebugger_alveo_edge_detect_generic_V0_system_2_alveo_edge_detect_generic_V0'
Thu Jan 26 02:21:16 2023: SESSION_MGR: creating session with session uuid: 'a722b274-a6e8-4bac-bf99-a5b5b1a15e51' and name 'SystemDebugger_alveo_edge_detect_generic_V0_system_3_alveo_edge_detect_generic_V0'
Thu Jan 26 02:21:17 2023: SESSION_MGR: closing session for UUID 'a722b274-a6e8-4bac-bf99-a5b5b1a15e51' with name 'SystemDebugger_alveo_edge_detect_generic_V0_system_3_alveo_edge_detect_generic_V0'
Thu Jan 26 02:23:43 2023: SESSION_MGR: creating session with session uuid: 'a600ddd7-40d4-4b76-a36d-31cf2810534a' and name 'SystemDebugger_alveo_edge_detect_generic_V0_system_4_alveo_edge_detect_generic_V0'
Thu Jan 26 02:23:43 2023: SESSION_MGR: closing session for UUID 'a600ddd7-40d4-4b76-a36d-31cf2810534a' with name 'SystemDebugger_alveo_edge_detect_generic_V0_system_4_alveo_edge_detect_generic_V0'
Thu Jan 26 02:24:14 2023: SESSION_MGR: creating session with session uuid: '9781194a-396d-4887-817a-a61b06229617' and name 'Hardware'
Thu Jan 26 02:24:14 2023: SESSION_MGR: closing session for UUID '9781194a-396d-4887-817a-a61b06229617' with name 'Hardware'
Thu Jan 26 02:24:14 2023: SESSION_MGR: creating session with session uuid: '654b7ba8-41c0-45c4-a15d-75ae6fa04e59' and name 'Hardware'
Thu Jan 26 02:24:15 2023: SESSION_MGR: closing session for UUID '654b7ba8-41c0-45c4-a15d-75ae6fa04e59' with name 'Hardware'
Thu Jan 26 02:24:15 2023: SESSION_MGR: creating session with session uuid: 'cda8ce8b-052c-42fc-9e5b-9c73b1d8c270' and name 'Hardware'
Thu Jan 26 02:24:15 2023: SESSION_MGR: closing session for UUID 'cda8ce8b-052c-42fc-9e5b-9c73b1d8c270' with name 'Hardware'
Thu Jan 26 02:24:34 2023: SESSION_MGR: creating session with session uuid: '80579891-5142-4c56-9b55-1600b8574b5a' and name 'SystemDebugger_alveo_edge_detect_generic_V0_system_5_alveo_edge_detect_generic_V0'
Thu Jan 26 02:24:35 2023: SESSION_MGR: closing session for UUID '80579891-5142-4c56-9b55-1600b8574b5a' with name 'SystemDebugger_alveo_edge_detect_generic_V0_system_5_alveo_edge_detect_generic_V0'
Thu Jan 26 02:25:48 2023: SESSION_MGR: creating session with session uuid: 'c049ab59-dc8d-4107-a726-8b5eb483b12a' and name 'SystemDebugger_alveo_edge_detect_generic_V0_system_6_alveo_edge_detect_generic_V0'
Thu Jan 26 02:25:55 2023: SESSION_MGR: closing session for UUID 'c049ab59-dc8d-4107-a726-8b5eb483b12a' with name 'SystemDebugger_alveo_edge_detect_generic_V0_system_6_alveo_edge_detect_generic_V0'
Thu Jan 26 02:26:29 2023: SESSION_MGR: creating session with session uuid: 'b7b6448a-2642-41a7-a4c1-2e7f90a3f7b7' and name 'SystemDebugger_alveo_edge_detect_generic_V0_system_7_alveo_edge_detect_generic_V0'
Thu Jan 26 02:26:30 2023: SESSION_MGR: closing session for UUID 'b7b6448a-2642-41a7-a4c1-2e7f90a3f7b7' with name 'SystemDebugger_alveo_edge_detect_generic_V0_system_7_alveo_edge_detect_generic_V0'
Thu Jan 26 02:26:35 2023: SESSION_MGR: creating session with session uuid: 'a53cfc4e-c559-4a18-b3aa-470d8842a007' and name 'Hardware'
Thu Jan 26 02:26:36 2023: SESSION_MGR: closing session for UUID 'a53cfc4e-c559-4a18-b3aa-470d8842a007' with name 'Hardware'
Thu Jan 26 02:26:36 2023: SESSION_MGR: creating session with session uuid: 'eda9a82b-3f7d-495f-a319-f25caadceba6' and name 'Hardware'
Thu Jan 26 02:26:37 2023: SESSION_MGR: closing session for UUID 'eda9a82b-3f7d-495f-a319-f25caadceba6' with name 'Hardware'
Thu Jan 26 02:26:37 2023: SESSION_MGR: creating session with session uuid: 'c49c44f1-03c8-4f1b-93dd-e0718b8e5ea0' and name 'Hardware'
Thu Jan 26 02:26:37 2023: SESSION_MGR: closing session for UUID 'c49c44f1-03c8-4f1b-93dd-e0718b8e5ea0' with name 'Hardware'
Thu Jan 26 02:27:00 2023: SESSION_MGR: creating session with session uuid: 'b8a84ad6-b9e7-4eaf-bb8f-3c1e6a0d5c87' and name 'SystemDebugger_alveo_edge_detect_generic_V0_system_8_alveo_edge_detect_generic_V0'
Thu Jan 26 02:27:07 2023: SESSION_MGR: closing session for UUID 'b8a84ad6-b9e7-4eaf-bb8f-3c1e6a0d5c87' with name 'SystemDebugger_alveo_edge_detect_generic_V0_system_8_alveo_edge_detect_generic_V0'
Thu Jan 26 02:27:53 2023: SESSION_MGR: creating session with session uuid: 'd48d13b4-45f9-474d-a2ad-228fbb6884f9' and name 'Hardware'
Thu Jan 26 02:27:56 2023: SESSION_MGR: closing session for UUID 'd48d13b4-45f9-474d-a2ad-228fbb6884f9' with name 'Hardware'
Thu Jan 26 02:27:56 2023: SESSION_MGR: creating session with session uuid: '2f256900-d742-434a-a111-84ccd41c504b' and name 'Hardware'
Thu Jan 26 02:27:57 2023: SESSION_MGR: closing session for UUID '2f256900-d742-434a-a111-84ccd41c504b' with name 'Hardware'
Thu Jan 26 02:27:57 2023: SESSION_MGR: creating session with session uuid: '674b0bef-5223-4b07-91e7-91ab98346154' and name 'Hardware'
Thu Jan 26 02:27:57 2023: SESSION_MGR: closing session for UUID '674b0bef-5223-4b07-91e7-91ab98346154' with name 'Hardware'
Thu Jan 26 02:28:16 2023: SESSION_MGR: creating session with session uuid: '0f314a1c-aff1-4ac8-b1ef-f25d501e8b1a' and name 'SystemDebugger_alveo_edge_detect_generic_V0_system_9_alveo_edge_detect_generic_V0'
Thu Jan 26 02:28:23 2023: SESSION_MGR: closing session for UUID '0f314a1c-aff1-4ac8-b1ef-f25d501e8b1a' with name 'SystemDebugger_alveo_edge_detect_generic_V0_system_9_alveo_edge_detect_generic_V0'
Thu Jan 26 02:28:58 2023: SESSION_MGR: creating session with session uuid: 'd55b8297-1fc8-440c-8146-776d6e67e253' and name 'Hardware'
Thu Jan 26 02:29:01 2023: SESSION_MGR: closing session for UUID 'd55b8297-1fc8-440c-8146-776d6e67e253' with name 'Hardware'
Thu Jan 26 02:29:02 2023: SESSION_MGR: creating session with session uuid: 'a033ba32-0580-4a6f-a3ac-ea6cab33585a' and name 'Hardware'
Thu Jan 26 02:29:02 2023: SESSION_MGR: closing session for UUID 'a033ba32-0580-4a6f-a3ac-ea6cab33585a' with name 'Hardware'
Thu Jan 26 02:29:02 2023: SESSION_MGR: creating session with session uuid: 'f639b251-500c-4b75-b77b-d8f4a64fc12a' and name 'Hardware'
Thu Jan 26 02:29:02 2023: SESSION_MGR: closing session for UUID 'f639b251-500c-4b75-b77b-d8f4a64fc12a' with name 'Hardware'
Thu Jan 26 02:29:20 2023: SESSION_MGR: creating session with session uuid: '74b8c87e-7909-4f13-803c-5e1a6bea52b1' and name 'SystemDebugger_alveo_edge_detect_generic_V0_system_10_alveo_edge_detect_generic_V0'
Thu Jan 26 02:29:26 2023: SESSION_MGR: closing session for UUID '74b8c87e-7909-4f13-803c-5e1a6bea52b1' with name 'SystemDebugger_alveo_edge_detect_generic_V0_system_10_alveo_edge_detect_generic_V0'
Thu Jan 26 02:29:46 2023: SESSION_MGR: creating session with session uuid: 'a13735d5-ee50-4a93-9499-44a7e4786411' and name 'Hardware'
Thu Jan 26 02:29:49 2023: SESSION_MGR: closing session for UUID 'a13735d5-ee50-4a93-9499-44a7e4786411' with name 'Hardware'
Thu Jan 26 02:29:49 2023: SESSION_MGR: creating session with session uuid: '0c14bc9d-27ad-4bb3-bde3-9d23051eb7f9' and name 'Hardware'
Thu Jan 26 02:29:49 2023: SESSION_MGR: closing session for UUID '0c14bc9d-27ad-4bb3-bde3-9d23051eb7f9' with name 'Hardware'
Thu Jan 26 02:29:49 2023: SESSION_MGR: creating session with session uuid: '771aa16f-cdff-4a0c-945c-5e4c93977423' and name 'Hardware'
Thu Jan 26 02:29:50 2023: SESSION_MGR: closing session for UUID '771aa16f-cdff-4a0c-945c-5e4c93977423' with name 'Hardware'
Thu Jan 26 02:30:09 2023: SESSION_MGR: creating session with session uuid: 'eddb781c-a19c-4593-9505-5ce97d53a4c3' and name 'SystemDebugger_alveo_edge_detect_generic_V0_system_11_alveo_edge_detect_generic_V0'
Thu Jan 26 02:30:16 2023: SESSION_MGR: closing session for UUID 'eddb781c-a19c-4593-9505-5ce97d53a4c3' with name 'SystemDebugger_alveo_edge_detect_generic_V0_system_11_alveo_edge_detect_generic_V0'
Thu Jan 26 02:30:28 2023: SESSION_MGR: creating session with session uuid: 'dfad2033-741b-4797-96c4-0e8f5e715731' and name 'Hardware'
Thu Jan 26 02:30:34 2023: SESSION_MGR: closing session for UUID 'dfad2033-741b-4797-96c4-0e8f5e715731' with name 'Hardware'
Thu Jan 26 02:30:34 2023: SESSION_MGR: creating session with session uuid: 'd3841f19-124e-43fb-a441-08c0149263b5' and name 'Hardware'
Thu Jan 26 02:30:34 2023: SESSION_MGR: closing session for UUID 'd3841f19-124e-43fb-a441-08c0149263b5' with name 'Hardware'
Thu Jan 26 02:30:35 2023: SESSION_MGR: creating session with session uuid: 'd5e352f8-c20b-4c24-83ea-44656f2a26f6' and name 'Hardware'
Thu Jan 26 02:30:35 2023: SESSION_MGR: closing session for UUID 'd5e352f8-c20b-4c24-83ea-44656f2a26f6' with name 'Hardware'
Thu Jan 26 02:30:53 2023: SESSION_MGR: creating session with session uuid: '2729cd51-80b4-4cf5-93e7-00dad4736c40' and name 'SystemDebugger_alveo_edge_detect_generic_V0_system_12_alveo_edge_detect_generic_V0'
Thu Jan 26 02:30:59 2023: SESSION_MGR: closing session for UUID '2729cd51-80b4-4cf5-93e7-00dad4736c40' with name 'SystemDebugger_alveo_edge_detect_generic_V0_system_12_alveo_edge_detect_generic_V0'
Thu Jan 26 02:31:16 2023: SESSION_MGR: creating session with session uuid: '6ac6f6a7-6c42-4789-be35-93b359c434c0' and name 'SystemDebugger_alveo_edge_detect_generic_V0_system_13_alveo_edge_detect_generic_V0'
Thu Jan 26 02:31:17 2023: SESSION_MGR: closing session for UUID '6ac6f6a7-6c42-4789-be35-93b359c434c0' with name 'SystemDebugger_alveo_edge_detect_generic_V0_system_13_alveo_edge_detect_generic_V0'
Thu Jan 26 02:31:23 2023: SESSION_MGR: creating session with session uuid: 'c00fe54e-3b13-43c2-ade2-eac48a8267a7' and name 'SystemDebugger_alveo_edge_detect_generic_V0_system_14_alveo_edge_detect_generic_V0'
Thu Jan 26 02:31:24 2023: SESSION_MGR: closing session for UUID 'c00fe54e-3b13-43c2-ade2-eac48a8267a7' with name 'SystemDebugger_alveo_edge_detect_generic_V0_system_14_alveo_edge_detect_generic_V0'
Thu Jan 26 02:32:01 2023: SESSION_MGR: creating session with session uuid: 'a79dbefc-fc88-443d-ae20-f300cc745634' and name 'Hardware'
Thu Jan 26 02:32:01 2023: SESSION_MGR: closing session for UUID 'a79dbefc-fc88-443d-ae20-f300cc745634' with name 'Hardware'
Thu Jan 26 02:32:01 2023: SESSION_MGR: creating session with session uuid: 'ca1e6ade-b6c8-48f0-bce5-e9783c5259ef' and name 'Hardware'
Thu Jan 26 02:32:02 2023: SESSION_MGR: closing session for UUID 'ca1e6ade-b6c8-48f0-bce5-e9783c5259ef' with name 'Hardware'
Thu Jan 26 02:32:02 2023: SESSION_MGR: creating session with session uuid: '040864a2-80c8-468f-981b-58f6f119cd58' and name 'Hardware'
Thu Jan 26 04:23:24 2023: SESSION_MGR: closing session for UUID '040864a2-80c8-468f-981b-58f6f119cd58' with name 'Hardware'
Thu Jan 26 18:49:09 2023: SESSION_MGR: creating session with session uuid: '52e39924-8064-4263-a71a-f38685730b09' and name 'Hardware'
Thu Jan 26 18:49:11 2023: SESSION_MGR: closing session for UUID '52e39924-8064-4263-a71a-f38685730b09' with name 'Hardware'
Thu Jan 26 18:49:18 2023: SESSION_MGR: creating session with session uuid: '79f39fe8-c67b-43e5-a8f9-139a28251874' and name 'Hardware'
Thu Jan 26 18:49:19 2023: SESSION_MGR: closing session for UUID '79f39fe8-c67b-43e5-a8f9-139a28251874' with name 'Hardware'
Thu Jan 26 18:49:19 2023: SESSION_MGR: creating session with session uuid: '14e54a4d-4dfe-43f3-9114-7462b463194e' and name 'Hardware'
Thu Jan 26 18:49:19 2023: SESSION_MGR: closing session for UUID '14e54a4d-4dfe-43f3-9114-7462b463194e' with name 'Hardware'
Thu Jan 26 18:49:19 2023: SESSION_MGR: creating session with session uuid: '6cd7587c-0b74-4050-b0c3-5e908ba29736' and name 'Hardware'
Thu Jan 26 18:49:20 2023: SESSION_MGR: closing session for UUID '6cd7587c-0b74-4050-b0c3-5e908ba29736' with name 'Hardware'
Thu Jan 26 18:50:22 2023: SESSION_MGR: creating session with session uuid: '1f2fe9cc-37cf-4356-96f5-7ebd3834c74f' and name 'SystemDebugger_alveo_edge_detect_generic_V0_system_15_alveo_edge_detect_generic_V0'
Thu Jan 26 18:50:28 2023: SESSION_MGR: closing session for UUID '1f2fe9cc-37cf-4356-96f5-7ebd3834c74f' with name 'SystemDebugger_alveo_edge_detect_generic_V0_system_15_alveo_edge_detect_generic_V0'
Thu Jan 26 18:51:39 2023: SESSION_MGR: creating session with session uuid: '85110c0f-ddef-4b6c-b0fc-7f708280f95d' and name 'SystemDebugger_alveo_edge_detect_generic_V0_system_16_alveo_edge_detect_generic_V0'
Thu Jan 26 18:51:40 2023: SESSION_MGR: closing session for UUID '85110c0f-ddef-4b6c-b0fc-7f708280f95d' with name 'SystemDebugger_alveo_edge_detect_generic_V0_system_16_alveo_edge_detect_generic_V0'
Thu Jan 26 18:51:46 2023: SESSION_MGR: creating session with session uuid: '8c5d1f8a-219c-4ede-bb33-8e39580f9404' and name 'SystemDebugger_alveo_edge_detect_generic_V0_system_17_alveo_edge_detect_generic_V0'
Thu Jan 26 18:51:47 2023: SESSION_MGR: closing session for UUID '8c5d1f8a-219c-4ede-bb33-8e39580f9404' with name 'SystemDebugger_alveo_edge_detect_generic_V0_system_17_alveo_edge_detect_generic_V0'
Thu Jan 26 18:51:53 2023: SESSION_MGR: creating session with session uuid: 'e18c14ed-b833-4fef-a834-c5415bd48c29' and name 'SystemDebugger_alveo_edge_detect_generic_V0_system_18_alveo_edge_detect_generic_V0'
Thu Jan 26 18:51:53 2023: SESSION_MGR: closing session for UUID 'e18c14ed-b833-4fef-a834-c5415bd48c29' with name 'SystemDebugger_alveo_edge_detect_generic_V0_system_18_alveo_edge_detect_generic_V0'
Thu Jan 26 18:51:59 2023: SESSION_MGR: creating session with session uuid: '8b1a4435-3b31-4e37-8560-2fe43c069724' and name 'SystemDebugger_alveo_edge_detect_generic_V0_system_19_alveo_edge_detect_generic_V0'
Thu Jan 26 18:51:59 2023: SESSION_MGR: closing session for UUID '8b1a4435-3b31-4e37-8560-2fe43c069724' with name 'SystemDebugger_alveo_edge_detect_generic_V0_system_19_alveo_edge_detect_generic_V0'
Thu Jan 26 18:52:13 2023: SESSION_MGR: creating session with session uuid: '9f2e67f1-a7c2-46e1-9c2d-9f12b6aa29d0' and name 'Hardware'
Thu Jan 26 18:52:15 2023: SESSION_MGR: closing session for UUID '9f2e67f1-a7c2-46e1-9c2d-9f12b6aa29d0' with name 'Hardware'
Thu Jan 26 18:52:16 2023: SESSION_MGR: creating session with session uuid: '1fedf3b4-1528-4405-af29-02d44beeb241' and name 'Hardware'
Thu Jan 26 18:52:16 2023: SESSION_MGR: closing session for UUID '1fedf3b4-1528-4405-af29-02d44beeb241' with name 'Hardware'
Thu Jan 26 18:52:16 2023: SESSION_MGR: creating session with session uuid: 'd4ad6d7f-4a6a-4638-9e02-6528197d324b' and name 'Hardware'
Thu Jan 26 18:52:16 2023: SESSION_MGR: closing session for UUID 'd4ad6d7f-4a6a-4638-9e02-6528197d324b' with name 'Hardware'
Thu Jan 26 18:53:14 2023: SESSION_MGR: creating session with session uuid: 'de459348-cb84-4f05-a316-600e4048ac59' and name 'SystemDebugger_alveo_edge_detect_generic_V0_system_20_alveo_edge_detect_generic_V0'
Thu Jan 26 18:53:20 2023: SESSION_MGR: closing session for UUID 'de459348-cb84-4f05-a316-600e4048ac59' with name 'SystemDebugger_alveo_edge_detect_generic_V0_system_20_alveo_edge_detect_generic_V0'
Thu Jan 26 18:53:31 2023: SESSION_MGR: creating session with session uuid: '7a154568-04b5-4fe9-97f9-679dcc7e1493' and name 'SystemDebugger_alveo_edge_detect_generic_V0_system_21_alveo_edge_detect_generic_V0'
Thu Jan 26 18:53:32 2023: SESSION_MGR: closing session for UUID '7a154568-04b5-4fe9-97f9-679dcc7e1493' with name 'SystemDebugger_alveo_edge_detect_generic_V0_system_21_alveo_edge_detect_generic_V0'
Thu Jan 26 18:53:38 2023: SESSION_MGR: creating session with session uuid: '32dd8748-fb0e-4944-8ae4-ff2d20cc2298' and name 'SystemDebugger_alveo_edge_detect_generic_V0_system_22_alveo_edge_detect_generic_V0'
Thu Jan 26 18:53:39 2023: SESSION_MGR: closing session for UUID '32dd8748-fb0e-4944-8ae4-ff2d20cc2298' with name 'SystemDebugger_alveo_edge_detect_generic_V0_system_22_alveo_edge_detect_generic_V0'
Thu Jan 26 18:53:48 2023: SESSION_MGR: creating session with session uuid: 'c7f48fc5-527e-4277-8868-870c09a452f0' and name 'SystemDebugger_alveo_edge_detect_generic_V0_system_23_alveo_edge_detect_generic_V0'
Thu Jan 26 18:53:49 2023: SESSION_MGR: closing session for UUID 'c7f48fc5-527e-4277-8868-870c09a452f0' with name 'SystemDebugger_alveo_edge_detect_generic_V0_system_23_alveo_edge_detect_generic_V0'
Thu Jan 26 18:53:57 2023: SESSION_MGR: creating session with session uuid: '96c51382-b90f-4470-b773-2e75a524b89c' and name 'SystemDebugger_alveo_edge_detect_generic_V0_system_24_alveo_edge_detect_generic_V0'
Thu Jan 26 18:53:58 2023: SESSION_MGR: closing session for UUID '96c51382-b90f-4470-b773-2e75a524b89c' with name 'SystemDebugger_alveo_edge_detect_generic_V0_system_24_alveo_edge_detect_generic_V0'
Thu Jan 26 18:54:12 2023: SESSION_MGR: creating session with session uuid: '0810678c-0dc9-468e-ba73-263b980ad9fd' and name 'Hardware'
Thu Jan 26 18:54:15 2023: SESSION_MGR: closing session for UUID '0810678c-0dc9-468e-ba73-263b980ad9fd' with name 'Hardware'
Thu Jan 26 18:54:15 2023: SESSION_MGR: creating session with session uuid: '9fcdaa59-b2da-48d3-a594-2026dba815bb' and name 'Hardware'
Thu Jan 26 18:54:15 2023: SESSION_MGR: closing session for UUID '9fcdaa59-b2da-48d3-a594-2026dba815bb' with name 'Hardware'
Thu Jan 26 18:54:15 2023: SESSION_MGR: creating session with session uuid: 'b3546a7e-6611-4f1c-a63e-c769ae49765d' and name 'Hardware'
Thu Jan 26 18:54:16 2023: SESSION_MGR: closing session for UUID 'b3546a7e-6611-4f1c-a63e-c769ae49765d' with name 'Hardware'
Thu Jan 26 18:55:04 2023: SESSION_MGR: creating session with session uuid: '3a8abd40-4c45-416a-96d2-32413a43fa15' and name 'SystemDebugger_alveo_edge_detect_generic_V0_system_25_alveo_edge_detect_generic_V0'
Thu Jan 26 18:55:10 2023: SESSION_MGR: closing session for UUID '3a8abd40-4c45-416a-96d2-32413a43fa15' with name 'SystemDebugger_alveo_edge_detect_generic_V0_system_25_alveo_edge_detect_generic_V0'
Thu Jan 26 18:55:27 2023: SESSION_MGR: creating session with session uuid: '35d429cd-5722-4523-bf36-e40fcc2cfba5' and name 'SystemDebugger_alveo_edge_detect_generic_V0_system_26_alveo_edge_detect_generic_V0'
Thu Jan 26 18:55:28 2023: SESSION_MGR: closing session for UUID '35d429cd-5722-4523-bf36-e40fcc2cfba5' with name 'SystemDebugger_alveo_edge_detect_generic_V0_system_26_alveo_edge_detect_generic_V0'
Thu Jan 26 18:55:36 2023: SESSION_MGR: creating session with session uuid: 'c7f8db4c-65fd-40ce-9210-29c212bae16d' and name 'SystemDebugger_alveo_edge_detect_generic_V0_system_27_alveo_edge_detect_generic_V0'
Thu Jan 26 18:55:37 2023: SESSION_MGR: closing session for UUID 'c7f8db4c-65fd-40ce-9210-29c212bae16d' with name 'SystemDebugger_alveo_edge_detect_generic_V0_system_27_alveo_edge_detect_generic_V0'
Thu Jan 26 18:55:42 2023: SESSION_MGR: creating session with session uuid: '40096e5f-714b-4133-a422-75f2e4ce5518' and name 'SystemDebugger_alveo_edge_detect_generic_V0_system_28_alveo_edge_detect_generic_V0'
Thu Jan 26 18:55:43 2023: SESSION_MGR: closing session for UUID '40096e5f-714b-4133-a422-75f2e4ce5518' with name 'SystemDebugger_alveo_edge_detect_generic_V0_system_28_alveo_edge_detect_generic_V0'
Thu Jan 26 18:55:49 2023: SESSION_MGR: creating session with session uuid: '8d9d06f6-0abf-4264-816c-bc1088694116' and name 'SystemDebugger_alveo_edge_detect_generic_V0_system_29_alveo_edge_detect_generic_V0'
Thu Jan 26 18:55:50 2023: SESSION_MGR: closing session for UUID '8d9d06f6-0abf-4264-816c-bc1088694116' with name 'SystemDebugger_alveo_edge_detect_generic_V0_system_29_alveo_edge_detect_generic_V0'
Thu Jan 26 18:56:00 2023: SESSION_MGR: creating session with session uuid: '9e3ebde2-64aa-457c-bf52-ad41f2d29f8c' and name 'Hardware'
Thu Jan 26 18:56:03 2023: SESSION_MGR: closing session for UUID '9e3ebde2-64aa-457c-bf52-ad41f2d29f8c' with name 'Hardware'
Thu Jan 26 18:56:04 2023: SESSION_MGR: creating session with session uuid: '66328c7f-44bb-43ae-b63a-5e9da3a18faf' and name 'Hardware'
Thu Jan 26 18:56:04 2023: SESSION_MGR: closing session for UUID '66328c7f-44bb-43ae-b63a-5e9da3a18faf' with name 'Hardware'
Thu Jan 26 18:56:04 2023: SESSION_MGR: creating session with session uuid: 'cdbe2b99-0b03-4419-bb53-b4fe12b0fa1f' and name 'Hardware'
Thu Jan 26 18:56:05 2023: SESSION_MGR: closing session for UUID 'cdbe2b99-0b03-4419-bb53-b4fe12b0fa1f' with name 'Hardware'
Thu Jan 26 18:56:23 2023: SESSION_MGR: creating session with session uuid: '3f0c5ede-066b-42ad-b634-cdcf7e326435' and name 'SystemDebugger_alveo_edge_detect_generic_V0_system_30_alveo_edge_detect_generic_V0'
Thu Jan 26 18:56:30 2023: SESSION_MGR: closing session for UUID '3f0c5ede-066b-42ad-b634-cdcf7e326435' with name 'SystemDebugger_alveo_edge_detect_generic_V0_system_30_alveo_edge_detect_generic_V0'
Thu Jan 26 18:56:38 2023: SESSION_MGR: creating session with session uuid: '8d6c163e-d29b-4a62-8054-5a954149443a' and name 'SystemDebugger_alveo_edge_detect_generic_V0_system_31_alveo_edge_detect_generic_V0'
Thu Jan 26 18:56:39 2023: SESSION_MGR: closing session for UUID '8d6c163e-d29b-4a62-8054-5a954149443a' with name 'SystemDebugger_alveo_edge_detect_generic_V0_system_31_alveo_edge_detect_generic_V0'
Thu Jan 26 18:56:45 2023: SESSION_MGR: creating session with session uuid: 'ed6edc21-863b-496f-aac0-e65593e48902' and name 'SystemDebugger_alveo_edge_detect_generic_V0_system_32_alveo_edge_detect_generic_V0'
Thu Jan 26 18:56:46 2023: SESSION_MGR: closing session for UUID 'ed6edc21-863b-496f-aac0-e65593e48902' with name 'SystemDebugger_alveo_edge_detect_generic_V0_system_32_alveo_edge_detect_generic_V0'
Thu Jan 26 18:56:51 2023: SESSION_MGR: creating session with session uuid: '0eda7e1c-d05d-431f-9148-dd467af4497f' and name 'SystemDebugger_alveo_edge_detect_generic_V0_system_33_alveo_edge_detect_generic_V0'
Thu Jan 26 18:56:52 2023: SESSION_MGR: closing session for UUID '0eda7e1c-d05d-431f-9148-dd467af4497f' with name 'SystemDebugger_alveo_edge_detect_generic_V0_system_33_alveo_edge_detect_generic_V0'
Thu Jan 26 18:56:58 2023: SESSION_MGR: creating session with session uuid: 'f1cb549e-9fee-4332-b462-4cd8528306c4' and name 'SystemDebugger_alveo_edge_detect_generic_V0_system_34_alveo_edge_detect_generic_V0'
Thu Jan 26 18:56:59 2023: SESSION_MGR: closing session for UUID 'f1cb549e-9fee-4332-b462-4cd8528306c4' with name 'SystemDebugger_alveo_edge_detect_generic_V0_system_34_alveo_edge_detect_generic_V0'
Thu Jan 26 18:57:18 2023: SESSION_MGR: creating session with session uuid: '3343b0ba-f3af-4a39-bace-944150b83152' and name 'Hardware'
Thu Jan 26 18:57:22 2023: SESSION_MGR: closing session for UUID '3343b0ba-f3af-4a39-bace-944150b83152' with name 'Hardware'
Thu Jan 26 18:57:22 2023: SESSION_MGR: creating session with session uuid: '26b5dc90-b2c5-4c2a-bb49-93a5be385fb4' and name 'Hardware'
Thu Jan 26 18:57:22 2023: SESSION_MGR: closing session for UUID '26b5dc90-b2c5-4c2a-bb49-93a5be385fb4' with name 'Hardware'
Thu Jan 26 18:57:22 2023: SESSION_MGR: creating session with session uuid: 'c6894034-1721-4aea-812e-710c07c515d0' and name 'Hardware'
Thu Jan 26 18:57:23 2023: SESSION_MGR: closing session for UUID 'c6894034-1721-4aea-812e-710c07c515d0' with name 'Hardware'
Thu Jan 26 18:57:57 2023: SESSION_MGR: creating session with session uuid: '98d900b5-f39a-4d61-bf96-99a4b86c6a82' and name 'SystemDebugger_alveo_edge_detect_generic_V0_system_35_alveo_edge_detect_generic_V0'
Thu Jan 26 18:58:04 2023: SESSION_MGR: closing session for UUID '98d900b5-f39a-4d61-bf96-99a4b86c6a82' with name 'SystemDebugger_alveo_edge_detect_generic_V0_system_35_alveo_edge_detect_generic_V0'
Thu Jan 26 18:58:11 2023: SESSION_MGR: creating session with session uuid: '36326a90-bda3-4994-91c9-b63ed0b20f2b' and name 'SystemDebugger_alveo_edge_detect_generic_V0_system_36_alveo_edge_detect_generic_V0'
Thu Jan 26 18:58:12 2023: SESSION_MGR: closing session for UUID '36326a90-bda3-4994-91c9-b63ed0b20f2b' with name 'SystemDebugger_alveo_edge_detect_generic_V0_system_36_alveo_edge_detect_generic_V0'
Thu Jan 26 18:58:18 2023: SESSION_MGR: creating session with session uuid: '170186e3-74d1-48ed-97b7-5ccd3277a178' and name 'SystemDebugger_alveo_edge_detect_generic_V0_system_37_alveo_edge_detect_generic_V0'
Thu Jan 26 18:58:19 2023: SESSION_MGR: closing session for UUID '170186e3-74d1-48ed-97b7-5ccd3277a178' with name 'SystemDebugger_alveo_edge_detect_generic_V0_system_37_alveo_edge_detect_generic_V0'
Thu Jan 26 18:58:27 2023: SESSION_MGR: creating session with session uuid: '5260c222-0c27-4aea-9a68-f4c47c83d5ce' and name 'SystemDebugger_alveo_edge_detect_generic_V0_system_38_alveo_edge_detect_generic_V0'
Thu Jan 26 18:58:28 2023: SESSION_MGR: closing session for UUID '5260c222-0c27-4aea-9a68-f4c47c83d5ce' with name 'SystemDebugger_alveo_edge_detect_generic_V0_system_38_alveo_edge_detect_generic_V0'
Thu Jan 26 18:58:33 2023: SESSION_MGR: creating session with session uuid: '3480c3b5-9169-45b4-89c8-475b85af120b' and name 'SystemDebugger_alveo_edge_detect_generic_V0_system_39_alveo_edge_detect_generic_V0'
Thu Jan 26 18:58:34 2023: SESSION_MGR: closing session for UUID '3480c3b5-9169-45b4-89c8-475b85af120b' with name 'SystemDebugger_alveo_edge_detect_generic_V0_system_39_alveo_edge_detect_generic_V0'
Thu Jan 26 19:00:59 2023: SESSION_MGR: creating session with session uuid: '4b9b5eeb-edd4-42e8-8ce4-feb15d932c42' and name 'Hardware'
Thu Jan 26 19:01:05 2023: SESSION_MGR: closing session for UUID '4b9b5eeb-edd4-42e8-8ce4-feb15d932c42' with name 'Hardware'
Thu Jan 26 19:01:05 2023: SESSION_MGR: creating session with session uuid: 'eec5e440-71c0-40d1-9bf7-229e3ea13992' and name 'Hardware'
Thu Jan 26 19:01:05 2023: SESSION_MGR: closing session for UUID 'eec5e440-71c0-40d1-9bf7-229e3ea13992' with name 'Hardware'
Thu Jan 26 19:01:05 2023: SESSION_MGR: creating session with session uuid: 'bedc4486-fb97-4448-ae0f-61fc7f1dcd6a' and name 'Hardware'
Thu Jan 26 19:01:06 2023: SESSION_MGR: closing session for UUID 'bedc4486-fb97-4448-ae0f-61fc7f1dcd6a' with name 'Hardware'
Thu Jan 26 19:01:29 2023: SESSION_MGR: creating session with session uuid: 'd61580cb-9ae0-429a-a588-50ac68e62ca8' and name 'SystemDebugger_alveo_edge_detect_generic_V0_system_40_alveo_edge_detect_generic_V0'
Thu Jan 26 19:01:36 2023: SESSION_MGR: closing session for UUID 'd61580cb-9ae0-429a-a588-50ac68e62ca8' with name 'SystemDebugger_alveo_edge_detect_generic_V0_system_40_alveo_edge_detect_generic_V0'
Thu Jan 26 21:01:29 2023: SESSION_MGR: creating session with session uuid: '794d30db-15e5-46f4-9635-daf9bedb36bf' and name 'Hardware'
Thu Jan 26 21:01:31 2023: SESSION_MGR: closing session for UUID '794d30db-15e5-46f4-9635-daf9bedb36bf' with name 'Hardware'
Thu Jan 26 21:01:31 2023: SESSION_MGR: creating session with session uuid: '076ef719-45d0-4785-ad84-b5b93e82e03b' and name 'Hardware'
Thu Jan 26 21:01:31 2023: SESSION_MGR: closing session for UUID '076ef719-45d0-4785-ad84-b5b93e82e03b' with name 'Hardware'
Thu Jan 26 21:01:31 2023: SESSION_MGR: creating session with session uuid: '9e1ec1e8-06a7-4ce6-9f3f-f0aaadd12f9e' and name 'Hardware'
Thu Jan 26 21:01:32 2023: SESSION_MGR: closing session for UUID '9e1ec1e8-06a7-4ce6-9f3f-f0aaadd12f9e' with name 'Hardware'
Thu Jan 26 21:03:21 2023: SESSION_MGR: creating session with session uuid: '192d4809-4df3-4c9f-9aaf-01cc17c15233' and name 'Hardware'
Thu Jan 26 21:03:23 2023: SESSION_MGR: closing session for UUID '192d4809-4df3-4c9f-9aaf-01cc17c15233' with name 'Hardware'
Thu Jan 26 21:03:23 2023: SESSION_MGR: creating session with session uuid: 'b8cd10dc-1b31-4654-9c32-a339092937d9' and name 'Hardware'
Thu Jan 26 21:03:23 2023: SESSION_MGR: closing session for UUID 'b8cd10dc-1b31-4654-9c32-a339092937d9' with name 'Hardware'
Thu Jan 26 21:03:23 2023: SESSION_MGR: creating session with session uuid: 'e9c7376a-5462-47f8-ab54-bf40fcae6532' and name 'Hardware'
Thu Jan 26 21:03:24 2023: SESSION_MGR: closing session for UUID 'e9c7376a-5462-47f8-ab54-bf40fcae6532' with name 'Hardware'
Thu Jan 26 21:05:46 2023: SESSION_MGR: creating session with session uuid: '273b13c7-e6ec-4484-9814-02c3f3a4dd50' and name 'SystemDebugger_alveo_edge_detect_generic_V0CE_system_10_alveo_edge_detect_generic_V0CE'
Thu Jan 26 21:05:53 2023: SESSION_MGR: closing session for UUID '273b13c7-e6ec-4484-9814-02c3f3a4dd50' with name 'SystemDebugger_alveo_edge_detect_generic_V0CE_system_10_alveo_edge_detect_generic_V0CE'
Thu Jan 26 21:06:07 2023: SESSION_MGR: creating session with session uuid: '76045989-c16c-427a-823e-85a431fa2002' and name 'SystemDebugger_alveo_edge_detect_generic_V0CE_system_11_alveo_edge_detect_generic_V0CE'
Thu Jan 26 21:06:08 2023: SESSION_MGR: closing session for UUID '76045989-c16c-427a-823e-85a431fa2002' with name 'SystemDebugger_alveo_edge_detect_generic_V0CE_system_11_alveo_edge_detect_generic_V0CE'
Thu Jan 26 21:06:15 2023: SESSION_MGR: creating session with session uuid: '945ff26e-7621-4004-bca7-9e8e052fc0f0' and name 'SystemDebugger_alveo_edge_detect_generic_V0CE_system_12_alveo_edge_detect_generic_V0CE'
Thu Jan 26 21:06:16 2023: SESSION_MGR: closing session for UUID '945ff26e-7621-4004-bca7-9e8e052fc0f0' with name 'SystemDebugger_alveo_edge_detect_generic_V0CE_system_12_alveo_edge_detect_generic_V0CE'
Thu Jan 26 21:06:21 2023: SESSION_MGR: creating session with session uuid: 'cf4c2a4f-9362-43c5-ae0f-c0169ee58e7d' and name 'SystemDebugger_alveo_edge_detect_generic_V0CE_system_13_alveo_edge_detect_generic_V0CE'
Thu Jan 26 21:06:22 2023: SESSION_MGR: closing session for UUID 'cf4c2a4f-9362-43c5-ae0f-c0169ee58e7d' with name 'SystemDebugger_alveo_edge_detect_generic_V0CE_system_13_alveo_edge_detect_generic_V0CE'
Thu Jan 26 21:06:27 2023: SESSION_MGR: creating session with session uuid: '0269c4c4-08a4-4cac-a1b5-a06c284d1e88' and name 'SystemDebugger_alveo_edge_detect_generic_V0CE_system_14_alveo_edge_detect_generic_V0CE'
Thu Jan 26 21:06:28 2023: SESSION_MGR: closing session for UUID '0269c4c4-08a4-4cac-a1b5-a06c284d1e88' with name 'SystemDebugger_alveo_edge_detect_generic_V0CE_system_14_alveo_edge_detect_generic_V0CE'
Thu Jan 26 21:06:44 2023: SESSION_MGR: creating session with session uuid: 'f64fe30b-dc9a-4e8f-a745-632db5cce260' and name 'Hardware'
Thu Jan 26 21:06:47 2023: SESSION_MGR: closing session for UUID 'f64fe30b-dc9a-4e8f-a745-632db5cce260' with name 'Hardware'
Thu Jan 26 21:06:47 2023: SESSION_MGR: creating session with session uuid: '36727186-f8c8-439f-9d85-3f0fec0bc2ff' and name 'Hardware'
Thu Jan 26 21:06:47 2023: SESSION_MGR: closing session for UUID '36727186-f8c8-439f-9d85-3f0fec0bc2ff' with name 'Hardware'
Thu Jan 26 21:06:47 2023: SESSION_MGR: creating session with session uuid: '5985310b-2e67-4f2a-aca8-6fe67e28ed3f' and name 'Hardware'
Thu Jan 26 21:06:48 2023: SESSION_MGR: closing session for UUID '5985310b-2e67-4f2a-aca8-6fe67e28ed3f' with name 'Hardware'
Thu Jan 26 21:07:08 2023: SESSION_MGR: creating session with session uuid: '88825292-5642-4d3d-904d-0a55c8b729e6' and name 'SystemDebugger_alveo_edge_detect_generic_V0CE_system_15_alveo_edge_detect_generic_V0CE'
Thu Jan 26 21:07:15 2023: SESSION_MGR: closing session for UUID '88825292-5642-4d3d-904d-0a55c8b729e6' with name 'SystemDebugger_alveo_edge_detect_generic_V0CE_system_15_alveo_edge_detect_generic_V0CE'
Thu Jan 26 21:07:26 2023: SESSION_MGR: creating session with session uuid: '0f0cade4-4fea-4cb3-8393-10914b6ba928' and name 'SystemDebugger_alveo_edge_detect_generic_V0CE_system_16_alveo_edge_detect_generic_V0CE'
Thu Jan 26 21:07:27 2023: SESSION_MGR: closing session for UUID '0f0cade4-4fea-4cb3-8393-10914b6ba928' with name 'SystemDebugger_alveo_edge_detect_generic_V0CE_system_16_alveo_edge_detect_generic_V0CE'
Thu Jan 26 21:07:34 2023: SESSION_MGR: creating session with session uuid: '3cb1f4c0-a4f0-4445-aac6-7288dc3787ca' and name 'SystemDebugger_alveo_edge_detect_generic_V0CE_system_17_alveo_edge_detect_generic_V0CE'
Thu Jan 26 21:07:35 2023: SESSION_MGR: closing session for UUID '3cb1f4c0-a4f0-4445-aac6-7288dc3787ca' with name 'SystemDebugger_alveo_edge_detect_generic_V0CE_system_17_alveo_edge_detect_generic_V0CE'
Thu Jan 26 21:07:42 2023: SESSION_MGR: creating session with session uuid: '7974dd7d-fcda-4e92-b0ea-6f7f6d5147ba' and name 'SystemDebugger_alveo_edge_detect_generic_V0CE_system_18_alveo_edge_detect_generic_V0CE'
Thu Jan 26 21:07:43 2023: SESSION_MGR: closing session for UUID '7974dd7d-fcda-4e92-b0ea-6f7f6d5147ba' with name 'SystemDebugger_alveo_edge_detect_generic_V0CE_system_18_alveo_edge_detect_generic_V0CE'
Thu Jan 26 21:07:48 2023: SESSION_MGR: creating session with session uuid: '832ace0d-aa13-41b1-b802-8b266b0276f9' and name 'SystemDebugger_alveo_edge_detect_generic_V0CE_system_19_alveo_edge_detect_generic_V0CE'
Thu Jan 26 21:07:49 2023: SESSION_MGR: closing session for UUID '832ace0d-aa13-41b1-b802-8b266b0276f9' with name 'SystemDebugger_alveo_edge_detect_generic_V0CE_system_19_alveo_edge_detect_generic_V0CE'
Thu Jan 26 21:08:03 2023: SESSION_MGR: creating session with session uuid: '578c629b-7782-4240-b74e-019022ad5eb8' and name 'Hardware'
Thu Jan 26 21:08:05 2023: SESSION_MGR: closing session for UUID '578c629b-7782-4240-b74e-019022ad5eb8' with name 'Hardware'
Thu Jan 26 21:08:05 2023: SESSION_MGR: creating session with session uuid: 'a2d0fb33-7dce-4947-bb03-a1c1a9e4384c' and name 'Hardware'
Thu Jan 26 21:08:06 2023: SESSION_MGR: closing session for UUID 'a2d0fb33-7dce-4947-bb03-a1c1a9e4384c' with name 'Hardware'
Thu Jan 26 21:08:06 2023: SESSION_MGR: creating session with session uuid: '5a58726d-ba0b-40eb-9e2a-ec597f489c8d' and name 'Hardware'
Thu Jan 26 21:08:06 2023: SESSION_MGR: closing session for UUID '5a58726d-ba0b-40eb-9e2a-ec597f489c8d' with name 'Hardware'
Thu Jan 26 21:08:32 2023: SESSION_MGR: creating session with session uuid: '5bbc3bcb-df11-4d6c-ad7d-efa08197ce23' and name 'SystemDebugger_alveo_edge_detect_generic_V0CE_system_20_alveo_edge_detect_generic_V0CE'
Thu Jan 26 21:08:40 2023: SESSION_MGR: closing session for UUID '5bbc3bcb-df11-4d6c-ad7d-efa08197ce23' with name 'SystemDebugger_alveo_edge_detect_generic_V0CE_system_20_alveo_edge_detect_generic_V0CE'
Thu Jan 26 21:08:47 2023: SESSION_MGR: creating session with session uuid: '21f3c224-45c3-4aba-b44d-755c60f70bbb' and name 'SystemDebugger_alveo_edge_detect_generic_V0CE_system_21_alveo_edge_detect_generic_V0CE'
Thu Jan 26 21:08:49 2023: SESSION_MGR: closing session for UUID '21f3c224-45c3-4aba-b44d-755c60f70bbb' with name 'SystemDebugger_alveo_edge_detect_generic_V0CE_system_21_alveo_edge_detect_generic_V0CE'
Thu Jan 26 21:08:55 2023: SESSION_MGR: creating session with session uuid: 'afa6b84c-f0ad-435e-91c6-a975481126d3' and name 'SystemDebugger_alveo_edge_detect_generic_V0CE_system_22_alveo_edge_detect_generic_V0CE'
Thu Jan 26 21:08:56 2023: SESSION_MGR: closing session for UUID 'afa6b84c-f0ad-435e-91c6-a975481126d3' with name 'SystemDebugger_alveo_edge_detect_generic_V0CE_system_22_alveo_edge_detect_generic_V0CE'
Thu Jan 26 21:09:02 2023: SESSION_MGR: creating session with session uuid: 'db20f26d-e22b-42d4-8e09-2be3f4b9318f' and name 'SystemDebugger_alveo_edge_detect_generic_V0CE_system_23_alveo_edge_detect_generic_V0CE'
Thu Jan 26 21:09:03 2023: SESSION_MGR: closing session for UUID 'db20f26d-e22b-42d4-8e09-2be3f4b9318f' with name 'SystemDebugger_alveo_edge_detect_generic_V0CE_system_23_alveo_edge_detect_generic_V0CE'
Thu Jan 26 21:09:10 2023: SESSION_MGR: creating session with session uuid: '549dd2fc-5512-46cf-9287-1a21c3d93b44' and name 'SystemDebugger_alveo_edge_detect_generic_V0CE_system_24_alveo_edge_detect_generic_V0CE'
Thu Jan 26 21:09:11 2023: SESSION_MGR: closing session for UUID '549dd2fc-5512-46cf-9287-1a21c3d93b44' with name 'SystemDebugger_alveo_edge_detect_generic_V0CE_system_24_alveo_edge_detect_generic_V0CE'
Thu Jan 26 21:09:23 2023: SESSION_MGR: creating session with session uuid: '11d1a205-325e-4901-b495-a1430bee3909' and name 'Hardware'
Thu Jan 26 21:09:26 2023: SESSION_MGR: closing session for UUID '11d1a205-325e-4901-b495-a1430bee3909' with name 'Hardware'
Thu Jan 26 21:09:26 2023: SESSION_MGR: creating session with session uuid: '739b4843-e633-4ca2-b810-2d6d4a6261de' and name 'Hardware'
Thu Jan 26 21:09:27 2023: SESSION_MGR: closing session for UUID '739b4843-e633-4ca2-b810-2d6d4a6261de' with name 'Hardware'
Thu Jan 26 21:09:27 2023: SESSION_MGR: creating session with session uuid: '2c78a72a-b04e-4baa-b46c-c54955525746' and name 'Hardware'
Thu Jan 26 21:09:27 2023: SESSION_MGR: closing session for UUID '2c78a72a-b04e-4baa-b46c-c54955525746' with name 'Hardware'
Thu Jan 26 21:09:57 2023: SESSION_MGR: creating session with session uuid: 'bf4f712a-2680-41e0-b135-9a56cdd4e686' and name 'SystemDebugger_alveo_edge_detect_generic_V0CE_system_25_alveo_edge_detect_generic_V0CE'
Thu Jan 26 21:10:05 2023: SESSION_MGR: closing session for UUID 'bf4f712a-2680-41e0-b135-9a56cdd4e686' with name 'SystemDebugger_alveo_edge_detect_generic_V0CE_system_25_alveo_edge_detect_generic_V0CE'
Thu Jan 26 21:10:17 2023: SESSION_MGR: creating session with session uuid: 'f737e29d-5a9b-4e6c-b703-3d0f97c65bd5' and name 'SystemDebugger_alveo_edge_detect_generic_V0CE_system_26_alveo_edge_detect_generic_V0CE'
Thu Jan 26 21:10:18 2023: SESSION_MGR: closing session for UUID 'f737e29d-5a9b-4e6c-b703-3d0f97c65bd5' with name 'SystemDebugger_alveo_edge_detect_generic_V0CE_system_26_alveo_edge_detect_generic_V0CE'
Thu Jan 26 21:10:25 2023: SESSION_MGR: creating session with session uuid: 'd95462d1-ff94-44d0-ad98-74fe7ba72497' and name 'SystemDebugger_alveo_edge_detect_generic_V0CE_system_27_alveo_edge_detect_generic_V0CE'
Thu Jan 26 21:10:26 2023: SESSION_MGR: closing session for UUID 'd95462d1-ff94-44d0-ad98-74fe7ba72497' with name 'SystemDebugger_alveo_edge_detect_generic_V0CE_system_27_alveo_edge_detect_generic_V0CE'
Thu Jan 26 21:10:32 2023: SESSION_MGR: creating session with session uuid: '505239c4-3b43-4cd6-95f2-68ea499417f1' and name 'SystemDebugger_alveo_edge_detect_generic_V0CE_system_28_alveo_edge_detect_generic_V0CE'
Thu Jan 26 21:10:33 2023: SESSION_MGR: closing session for UUID '505239c4-3b43-4cd6-95f2-68ea499417f1' with name 'SystemDebugger_alveo_edge_detect_generic_V0CE_system_28_alveo_edge_detect_generic_V0CE'
Thu Jan 26 21:10:40 2023: SESSION_MGR: creating session with session uuid: 'c36e3cc9-f602-4e6d-acde-dc78eb75e024' and name 'SystemDebugger_alveo_edge_detect_generic_V0CE_system_29_alveo_edge_detect_generic_V0CE'
Thu Jan 26 21:10:41 2023: SESSION_MGR: closing session for UUID 'c36e3cc9-f602-4e6d-acde-dc78eb75e024' with name 'SystemDebugger_alveo_edge_detect_generic_V0CE_system_29_alveo_edge_detect_generic_V0CE'
Thu Jan 26 21:10:55 2023: SESSION_MGR: creating session with session uuid: '313e54b0-f52a-48f5-9a66-c129705dbbb2' and name 'Hardware'
Thu Jan 26 21:10:58 2023: SESSION_MGR: closing session for UUID '313e54b0-f52a-48f5-9a66-c129705dbbb2' with name 'Hardware'
Thu Jan 26 21:10:59 2023: SESSION_MGR: creating session with session uuid: '2059c5cf-ada5-4991-a743-a2baa429c5e5' and name 'Hardware'
Thu Jan 26 21:10:59 2023: SESSION_MGR: closing session for UUID '2059c5cf-ada5-4991-a743-a2baa429c5e5' with name 'Hardware'
Thu Jan 26 21:10:59 2023: SESSION_MGR: creating session with session uuid: '0185dba0-668c-4be2-ae60-a7553b00c7ac' and name 'Hardware'
Thu Jan 26 21:11:00 2023: SESSION_MGR: closing session for UUID '0185dba0-668c-4be2-ae60-a7553b00c7ac' with name 'Hardware'
Thu Jan 26 21:11:28 2023: SESSION_MGR: creating session with session uuid: '2f5b14c9-f265-4540-b368-e2a6db6a4a71' and name 'SystemDebugger_alveo_edge_detect_generic_V0CE_system_30_alveo_edge_detect_generic_V0CE'
Thu Jan 26 21:11:37 2023: SESSION_MGR: closing session for UUID '2f5b14c9-f265-4540-b368-e2a6db6a4a71' with name 'SystemDebugger_alveo_edge_detect_generic_V0CE_system_30_alveo_edge_detect_generic_V0CE'
Thu Jan 26 21:11:48 2023: SESSION_MGR: creating session with session uuid: '6730b94c-7788-4e62-9ea4-5cb5b3e01e29' and name 'SystemDebugger_alveo_edge_detect_generic_V0CE_system_31_alveo_edge_detect_generic_V0CE'
Thu Jan 26 21:11:49 2023: SESSION_MGR: closing session for UUID '6730b94c-7788-4e62-9ea4-5cb5b3e01e29' with name 'SystemDebugger_alveo_edge_detect_generic_V0CE_system_31_alveo_edge_detect_generic_V0CE'
Thu Jan 26 21:11:55 2023: SESSION_MGR: creating session with session uuid: '4b7daaac-3db5-425d-a048-0e7a549c79c2' and name 'SystemDebugger_alveo_edge_detect_generic_V0CE_system_32_alveo_edge_detect_generic_V0CE'
Thu Jan 26 21:11:57 2023: SESSION_MGR: closing session for UUID '4b7daaac-3db5-425d-a048-0e7a549c79c2' with name 'SystemDebugger_alveo_edge_detect_generic_V0CE_system_32_alveo_edge_detect_generic_V0CE'
Thu Jan 26 21:12:02 2023: SESSION_MGR: creating session with session uuid: '0e8e6da1-23f8-40ee-a0f7-9ec380a538e6' and name 'SystemDebugger_alveo_edge_detect_generic_V0CE_system_33_alveo_edge_detect_generic_V0CE'
Thu Jan 26 21:12:03 2023: SESSION_MGR: closing session for UUID '0e8e6da1-23f8-40ee-a0f7-9ec380a538e6' with name 'SystemDebugger_alveo_edge_detect_generic_V0CE_system_33_alveo_edge_detect_generic_V0CE'
Thu Jan 26 21:12:09 2023: SESSION_MGR: creating session with session uuid: 'df7883e7-4204-439f-9dcb-528ce51573c3' and name 'SystemDebugger_alveo_edge_detect_generic_V0CE_system_34_alveo_edge_detect_generic_V0CE'
Thu Jan 26 21:12:11 2023: SESSION_MGR: closing session for UUID 'df7883e7-4204-439f-9dcb-528ce51573c3' with name 'SystemDebugger_alveo_edge_detect_generic_V0CE_system_34_alveo_edge_detect_generic_V0CE'
Thu Jan 26 21:12:36 2023: SESSION_MGR: creating session with session uuid: 'f60db429-2fad-4a8e-991c-d4826326db6f' and name 'Hardware'
Thu Jan 26 21:12:42 2023: SESSION_MGR: closing session for UUID 'f60db429-2fad-4a8e-991c-d4826326db6f' with name 'Hardware'
Thu Jan 26 21:12:42 2023: SESSION_MGR: creating session with session uuid: '818cef34-36c3-457b-a95e-b64a63b06014' and name 'Hardware'
Thu Jan 26 21:12:43 2023: SESSION_MGR: closing session for UUID '818cef34-36c3-457b-a95e-b64a63b06014' with name 'Hardware'
Thu Jan 26 21:12:43 2023: SESSION_MGR: creating session with session uuid: '3c13696c-32a4-47b1-a821-bc0fa4426917' and name 'Hardware'
Thu Jan 26 21:12:43 2023: SESSION_MGR: closing session for UUID '3c13696c-32a4-47b1-a821-bc0fa4426917' with name 'Hardware'
Thu Jan 26 21:13:03 2023: SESSION_MGR: creating session with session uuid: 'df7ef40f-e002-4618-90b5-6af6665ed026' and name 'SystemDebugger_alveo_edge_detect_generic_V0CE_system_35_alveo_edge_detect_generic_V0CE'
Thu Jan 26 21:13:10 2023: SESSION_MGR: closing session for UUID 'df7ef40f-e002-4618-90b5-6af6665ed026' with name 'SystemDebugger_alveo_edge_detect_generic_V0CE_system_35_alveo_edge_detect_generic_V0CE'
Thu Jan 26 21:14:23 2023: SESSION_MGR: creating session with session uuid: 'aae417cb-d3e0-4b21-aca8-4c9b6562833a' and name 'Hardware'
Thu Jan 26 21:14:25 2023: SESSION_MGR: closing session for UUID 'aae417cb-d3e0-4b21-aca8-4c9b6562833a' with name 'Hardware'
Thu Jan 26 21:14:25 2023: SESSION_MGR: creating session with session uuid: '878826a7-4e18-4dd5-98f3-e5a9d50b12af' and name 'Hardware'
Thu Jan 26 21:14:25 2023: SESSION_MGR: closing session for UUID '878826a7-4e18-4dd5-98f3-e5a9d50b12af' with name 'Hardware'
Thu Jan 26 21:14:25 2023: SESSION_MGR: creating session with session uuid: '1ed71a40-1712-4aa6-ad14-bccd69ed820d' and name 'Hardware'
Thu Jan 26 21:14:26 2023: SESSION_MGR: closing session for UUID '1ed71a40-1712-4aa6-ad14-bccd69ed820d' with name 'Hardware'
Thu Jan 26 22:19:26 2023: SESSION_MGR: creating session with session uuid: 'bd4dedef-de76-4e72-860e-e3198f300ccf' and name 'Hardware'
Thu Jan 26 22:19:32 2023: SESSION_MGR: closing session for UUID 'bd4dedef-de76-4e72-860e-e3198f300ccf' with name 'Hardware'
Thu Jan 26 22:19:32 2023: SESSION_MGR: creating session with session uuid: '08f29ac5-184a-4944-822e-fbdf1d2aa895' and name 'Hardware'
Thu Jan 26 22:19:33 2023: SESSION_MGR: closing session for UUID '08f29ac5-184a-4944-822e-fbdf1d2aa895' with name 'Hardware'
Thu Jan 26 22:19:33 2023: SESSION_MGR: creating session with session uuid: '5997e90c-a4cb-49bf-a192-8526804d8504' and name 'Hardware'
Thu Jan 26 22:19:33 2023: SESSION_MGR: closing session for UUID '5997e90c-a4cb-49bf-a192-8526804d8504' with name 'Hardware'
Thu Jan 26 22:19:52 2023: SESSION_MGR: creating session with session uuid: '6716bb47-e3e9-4046-bb49-7e9b7985ff84' and name 'SystemDebugger_alveo_edge_detect_generic_V0CE_system_36_alveo_edge_detect_generic_V0CE'
Thu Jan 26 22:20:00 2023: SESSION_MGR: closing session for UUID '6716bb47-e3e9-4046-bb49-7e9b7985ff84' with name 'SystemDebugger_alveo_edge_detect_generic_V0CE_system_36_alveo_edge_detect_generic_V0CE'
Thu Jan 26 22:22:18 2023: SESSION_MGR: creating session with session uuid: '71baac4d-8d54-4918-a5a8-f9b16bc9cb2b' and name 'SystemDebugger_alveo_edge_detect_generic_V0CE_system_37_alveo_edge_detect_generic_V0CE'
Thu Jan 26 22:22:20 2023: SESSION_MGR: closing session for UUID '71baac4d-8d54-4918-a5a8-f9b16bc9cb2b' with name 'SystemDebugger_alveo_edge_detect_generic_V0CE_system_37_alveo_edge_detect_generic_V0CE'
Thu Jan 26 22:22:28 2023: SESSION_MGR: creating session with session uuid: '4a41afdb-93f2-4950-a3cf-ea2434bb9b88' and name 'SystemDebugger_alveo_edge_detect_generic_V0CE_system_38_alveo_edge_detect_generic_V0CE'
Thu Jan 26 22:22:30 2023: SESSION_MGR: closing session for UUID '4a41afdb-93f2-4950-a3cf-ea2434bb9b88' with name 'SystemDebugger_alveo_edge_detect_generic_V0CE_system_38_alveo_edge_detect_generic_V0CE'
Thu Jan 26 22:22:37 2023: SESSION_MGR: creating session with session uuid: '809195a7-ea2a-4534-adff-944d40774d9f' and name 'SystemDebugger_alveo_edge_detect_generic_V0CE_system_39_alveo_edge_detect_generic_V0CE'
Thu Jan 26 22:22:39 2023: SESSION_MGR: closing session for UUID '809195a7-ea2a-4534-adff-944d40774d9f' with name 'SystemDebugger_alveo_edge_detect_generic_V0CE_system_39_alveo_edge_detect_generic_V0CE'
Thu Jan 26 22:22:50 2023: SESSION_MGR: creating session with session uuid: '8a7b5dcb-486c-41c1-9974-8946bb3d6b2a' and name 'SystemDebugger_alveo_edge_detect_generic_V0CE_system_40_alveo_edge_detect_generic_V0CE'
Thu Jan 26 22:22:52 2023: SESSION_MGR: closing session for UUID '8a7b5dcb-486c-41c1-9974-8946bb3d6b2a' with name 'SystemDebugger_alveo_edge_detect_generic_V0CE_system_40_alveo_edge_detect_generic_V0CE'
Thu Jan 26 22:25:02 2023: SESSION_MGR: creating session with session uuid: 'e1b34e3e-70ed-4e3a-8343-dca9e0f58d83' and name 'Hardware'
Thu Jan 26 22:25:03 2023: SESSION_MGR: closing session for UUID 'e1b34e3e-70ed-4e3a-8343-dca9e0f58d83' with name 'Hardware'
Thu Jan 26 22:25:03 2023: SESSION_MGR: creating session with session uuid: 'd59e0e9f-907a-468a-8ffd-e40692c3cb58' and name 'Hardware'
Thu Jan 26 22:25:04 2023: SESSION_MGR: closing session for UUID 'd59e0e9f-907a-468a-8ffd-e40692c3cb58' with name 'Hardware'
Thu Jan 26 22:25:04 2023: SESSION_MGR: creating session with session uuid: '7da6e033-b112-44e0-9ad7-552a285fd38e' and name 'Hardware'
Thu Jan 26 22:25:04 2023: SESSION_MGR: closing session for UUID '7da6e033-b112-44e0-9ad7-552a285fd38e' with name 'Hardware'
Thu Jan 26 22:25:23 2023: SESSION_MGR: creating session with session uuid: '2eafab85-202d-49a2-b509-bb95e627ec28' and name 'Hardware'
Thu Jan 26 22:25:28 2023: SESSION_MGR: closing session for UUID '2eafab85-202d-49a2-b509-bb95e627ec28' with name 'Hardware'
Thu Jan 26 22:25:28 2023: SESSION_MGR: creating session with session uuid: 'e77822ea-7399-4089-a3ad-1338b3f51c01' and name 'Hardware'
Thu Jan 26 22:25:29 2023: SESSION_MGR: closing session for UUID 'e77822ea-7399-4089-a3ad-1338b3f51c01' with name 'Hardware'
Thu Jan 26 22:25:29 2023: SESSION_MGR: creating session with session uuid: 'b3f9b005-7070-4ed1-ab99-25d0301d51c9' and name 'Hardware'
Thu Jan 26 22:25:29 2023: SESSION_MGR: closing session for UUID 'b3f9b005-7070-4ed1-ab99-25d0301d51c9' with name 'Hardware'
Thu Jan 26 22:25:48 2023: SESSION_MGR: creating session with session uuid: '96e83e7b-de14-4cbc-9af5-b306d0a68586' and name 'SystemDebugger_alveo_edge_detect_generic_V0_system_42_alveo_edge_detect_generic_V0'
Thu Jan 26 22:25:56 2023: SESSION_MGR: closing session for UUID '96e83e7b-de14-4cbc-9af5-b306d0a68586' with name 'SystemDebugger_alveo_edge_detect_generic_V0_system_42_alveo_edge_detect_generic_V0'
Thu Jan 26 22:26:06 2023: SESSION_MGR: creating session with session uuid: '578b9019-75b6-4c16-8325-766e94a7dc53' and name 'SystemDebugger_alveo_edge_detect_generic_V0_system_43_alveo_edge_detect_generic_V0'
Thu Jan 26 22:26:08 2023: SESSION_MGR: closing session for UUID '578b9019-75b6-4c16-8325-766e94a7dc53' with name 'SystemDebugger_alveo_edge_detect_generic_V0_system_43_alveo_edge_detect_generic_V0'
Thu Jan 26 22:26:16 2023: SESSION_MGR: creating session with session uuid: '5da5b7c5-fcb9-4386-980c-9c0bd93a85e4' and name 'SystemDebugger_alveo_edge_detect_generic_V0_system_44_alveo_edge_detect_generic_V0'
Thu Jan 26 22:26:18 2023: SESSION_MGR: closing session for UUID '5da5b7c5-fcb9-4386-980c-9c0bd93a85e4' with name 'SystemDebugger_alveo_edge_detect_generic_V0_system_44_alveo_edge_detect_generic_V0'
Thu Jan 26 22:26:23 2023: SESSION_MGR: creating session with session uuid: '4fef7343-a671-473c-be38-89f0085186f8' and name 'SystemDebugger_alveo_edge_detect_generic_V0_system_45_alveo_edge_detect_generic_V0'
Thu Jan 26 22:26:25 2023: SESSION_MGR: closing session for UUID '4fef7343-a671-473c-be38-89f0085186f8' with name 'SystemDebugger_alveo_edge_detect_generic_V0_system_45_alveo_edge_detect_generic_V0'
Thu Jan 26 22:26:31 2023: SESSION_MGR: creating session with session uuid: '03ac0816-6ccc-4a87-b943-9639ea5110a0' and name 'SystemDebugger_alveo_edge_detect_generic_V0_system_46_alveo_edge_detect_generic_V0'
Thu Jan 26 22:26:33 2023: SESSION_MGR: closing session for UUID '03ac0816-6ccc-4a87-b943-9639ea5110a0' with name 'SystemDebugger_alveo_edge_detect_generic_V0_system_46_alveo_edge_detect_generic_V0'
Thu Jan 26 22:26:46 2023: SESSION_MGR: creating session with session uuid: 'd136b7e3-cec1-483d-a5e0-f540c2e00b81' and name 'Hardware'
Thu Jan 26 22:26:57 2023: SESSION_MGR: closing session for UUID 'd136b7e3-cec1-483d-a5e0-f540c2e00b81' with name 'Hardware'
Thu Jan 26 22:26:57 2023: SESSION_MGR: creating session with session uuid: '168221c2-b559-4442-a6fd-aea6982683cb' and name 'Hardware'
Thu Jan 26 22:26:57 2023: SESSION_MGR: closing session for UUID '168221c2-b559-4442-a6fd-aea6982683cb' with name 'Hardware'
Thu Jan 26 22:26:57 2023: SESSION_MGR: creating session with session uuid: 'ffb03dad-95b8-497e-b8ab-a9879baf2151' and name 'Hardware'
Thu Jan 26 22:26:58 2023: SESSION_MGR: closing session for UUID 'ffb03dad-95b8-497e-b8ab-a9879baf2151' with name 'Hardware'
Thu Jan 26 22:28:31 2023: SESSION_MGR: creating session with session uuid: '2b663e58-7f80-44da-b920-3681ea714d45' and name 'SystemDebugger_alveo_edge_detect_generic_V0_system_47_alveo_edge_detect_generic_V0'
Thu Jan 26 22:28:47 2023: SESSION_MGR: closing session for UUID '2b663e58-7f80-44da-b920-3681ea714d45' with name 'SystemDebugger_alveo_edge_detect_generic_V0_system_47_alveo_edge_detect_generic_V0'
Thu Jan 26 22:29:35 2023: SESSION_MGR: creating session with session uuid: 'b4ce0158-dd99-4eaf-b364-7aa2b908898f' and name 'SystemDebugger_alveo_edge_detect_generic_V0_system_48_alveo_edge_detect_generic_V0'
Thu Jan 26 22:29:46 2023: SESSION_MGR: closing session for UUID 'b4ce0158-dd99-4eaf-b364-7aa2b908898f' with name 'SystemDebugger_alveo_edge_detect_generic_V0_system_48_alveo_edge_detect_generic_V0'
Thu Jan 26 22:57:11 2023: SESSION_MGR: creating session with session uuid: 'd8a011e4-f511-4921-ab6e-336cc6594a58' and name 'SystemDebugger_alveo_edge_detect_generic_V0_system_49_alveo_edge_detect_generic_V0'
Thu Jan 26 22:57:27 2023: SESSION_MGR: closing session for UUID 'd8a011e4-f511-4921-ab6e-336cc6594a58' with name 'SystemDebugger_alveo_edge_detect_generic_V0_system_49_alveo_edge_detect_generic_V0'
Thu Jan 26 22:58:18 2023: SESSION_MGR: creating session with session uuid: '8dc7a339-fa24-4c0a-acdf-f2c5c2f0e4ae' and name 'Hardware'
Thu Jan 26 22:58:29 2023: SESSION_MGR: closing session for UUID '8dc7a339-fa24-4c0a-acdf-f2c5c2f0e4ae' with name 'Hardware'
Thu Jan 26 22:58:29 2023: SESSION_MGR: creating session with session uuid: 'd0e92b43-1150-46a6-a84e-6e3140239eea' and name 'Hardware'
Thu Jan 26 22:58:30 2023: SESSION_MGR: closing session for UUID 'd0e92b43-1150-46a6-a84e-6e3140239eea' with name 'Hardware'
Thu Jan 26 22:58:30 2023: SESSION_MGR: creating session with session uuid: '4807f729-3c43-40e5-b14f-39d70a9d787b' and name 'Hardware'
Thu Jan 26 22:58:30 2023: SESSION_MGR: closing session for UUID '4807f729-3c43-40e5-b14f-39d70a9d787b' with name 'Hardware'
Thu Jan 26 22:58:59 2023: SESSION_MGR: creating session with session uuid: '448260a2-c6ec-4c8c-8208-fde9d99a8a16' and name 'SystemDebugger_alveo_edge_detect_generic_V0_system_50_alveo_edge_detect_generic_V0'
Thu Jan 26 22:59:16 2023: SESSION_MGR: closing session for UUID '448260a2-c6ec-4c8c-8208-fde9d99a8a16' with name 'SystemDebugger_alveo_edge_detect_generic_V0_system_50_alveo_edge_detect_generic_V0'
Thu Jan 26 23:12:04 2023: SESSION_MGR: creating session with session uuid: 'fde95e6a-86d6-4f61-92d4-1c02beeadc27' and name 'Hardware'
Thu Jan 26 23:12:15 2023: SESSION_MGR: closing session for UUID 'fde95e6a-86d6-4f61-92d4-1c02beeadc27' with name 'Hardware'
Thu Jan 26 23:12:16 2023: SESSION_MGR: creating session with session uuid: '431d3548-d83e-448f-98eb-9822f1a3c0d0' and name 'Hardware'
Thu Jan 26 23:12:16 2023: SESSION_MGR: closing session for UUID '431d3548-d83e-448f-98eb-9822f1a3c0d0' with name 'Hardware'
Thu Jan 26 23:12:16 2023: SESSION_MGR: creating session with session uuid: '5a2432c8-b9b7-45de-9b39-4d58ea1317bd' and name 'Hardware'
Thu Jan 26 23:12:17 2023: SESSION_MGR: closing session for UUID '5a2432c8-b9b7-45de-9b39-4d58ea1317bd' with name 'Hardware'
Thu Jan 26 23:14:53 2023: SESSION_MGR: creating session with session uuid: '242380f6-5e0e-43a8-87c4-996481820f44' and name 'SystemDebugger_alveo_edge_detect_generic_V0_system_51_alveo_edge_detect_generic_V0'
Thu Jan 26 23:15:09 2023: SESSION_MGR: closing session for UUID '242380f6-5e0e-43a8-87c4-996481820f44' with name 'SystemDebugger_alveo_edge_detect_generic_V0_system_51_alveo_edge_detect_generic_V0'
Mon Feb 13 14:23:12 2023: SESSION_MGR: creating session with session uuid: '6bc9842b-a199-4443-bb62-58b3134d671c' and name 'SystemDebugger_alveo_edge_detect_generic_V0_system_52_alveo_edge_detect_generic_V0'
Mon Feb 13 14:23:23 2023: SESSION_MGR: closing session for UUID '6bc9842b-a199-4443-bb62-58b3134d671c' with name 'SystemDebugger_alveo_edge_detect_generic_V0_system_52_alveo_edge_detect_generic_V0'
Mon Feb 13 14:23:57 2023: SESSION_MGR: creating session with session uuid: 'a8940a77-9e77-4627-8f1f-614fc673a91f' and name 'Hardware'
Mon Feb 13 14:24:07 2023: SESSION_MGR: closing session for UUID 'a8940a77-9e77-4627-8f1f-614fc673a91f' with name 'Hardware'
Mon Feb 13 14:24:08 2023: SESSION_MGR: creating session with session uuid: 'a95e84b8-2892-42c7-9c7d-dbc3c7ed1484' and name 'Hardware'
Mon Feb 13 14:24:08 2023: SESSION_MGR: closing session for UUID 'a95e84b8-2892-42c7-9c7d-dbc3c7ed1484' with name 'Hardware'
Mon Feb 13 14:24:08 2023: SESSION_MGR: creating session with session uuid: '2ab75f02-0c1a-4570-ae49-68d3961e11c2' and name 'Hardware'
Mon Feb 13 14:24:09 2023: SESSION_MGR: closing session for UUID '2ab75f02-0c1a-4570-ae49-68d3961e11c2' with name 'Hardware'
Mon Feb 13 14:24:27 2023: SESSION_MGR: creating session with session uuid: '9bc8e845-309f-49b7-bd22-b1e963b232e0' and name 'SystemDebugger_alveo_edge_detect_generic_V0_system_53_alveo_edge_detect_generic_V0'
Mon Feb 13 14:24:44 2023: SESSION_MGR: closing session for UUID '9bc8e845-309f-49b7-bd22-b1e963b232e0' with name 'SystemDebugger_alveo_edge_detect_generic_V0_system_53_alveo_edge_detect_generic_V0'
